SF:lib/main.dart
DA:4,0
DA:5,0
DA:9,2
DA:11,1
LF:4
LH:2
end_of_record
SF:lib/widgets/service_button.dart
DA:10,3
DA:18,1
DA:20,1
DA:21,1
DA:22,1
DA:23,1
DA:25,1
DA:26,1
DA:27,1
DA:29,1
DA:30,1
DA:32,1
DA:33,1
DA:35,1
DA:36,1
DA:45,2
LF:16
LH:16
end_of_record
SF:lib/widgets/departure_card.dart
DA:9,2
DA:17,1
DA:19,1
DA:21,1
DA:22,1
DA:23,3
DA:32,1
DA:34,1
DA:35,1
DA:36,1
DA:43,1
DA:44,1
LF:12
LH:12
end_of_record
SF:lib/screens/home_screen.dart
DA:7,1
DA:9,1
DA:10,1
DA:23,1
DA:25,1
DA:27,1
DA:28,1
DA:30,1
DA:31,1
DA:35,1
DA:36,1
DA:39,1
DA:41,1
DA:43,1
DA:49,1
DA:50,2
DA:51,3
DA:57,1
DA:61,1
DA:62,1
DA:63,0
DA:64,0
DA:65,0
DA:66,0
LF:24
LH:20
end_of_record
SF:lib/screens/home_content.dart
DA:6,1
DA:8,1
DA:10,1
DA:13,1
DA:15,1
DA:16,1
DA:51,1
DA:53,1
DA:54,1
DA:62,1
DA:64,1
DA:68,1
DA:77,1
DA:79,1
DA:80,1
DA:81,1
DA:83,1
DA:87,1
DA:103,1
DA:105,1
DA:106,1
DA:114,1
DA:116,1
DA:120,1
DA:129,1
DA:158,1
DA:170,1
DA:177,1
DA:193,1
DA:194,1
DA:195,2
DA:197,1
DA:198,1
DA:199,1
DA:201,1
DA:202,3
LF:36
LH:36
end_of_record
SF:lib/widgets/bottom_nav.dart
DA:7,1
DA:13,1
DA:15,1
DA:18,1
DA:20,1
DA:21,1
DA:22,1
DA:24,1
DA:29,1
DA:31,1
DA:32,1
DA:33,1
DA:34,1
DA:35,1
DA:41,1
DA:42,2
DA:44,1
DA:47,0
DA:57,1
DA:63,1
DA:64,1
DA:70,1
DA:72,1
DA:73,0
DA:74,0
DA:75,0
DA:76,2
DA:77,1
DA:78,1
DA:80,1
DA:83,1
DA:84,2
DA:85,1
DA:87,1
DA:88,2
LF:35
LH:31
end_of_record
SF:lib/screens/map_screen.dart
DA:9,0
DA:13,1
DA:15,0
DA:16,0
DA:36,0
DA:37,0
DA:38,0
DA:39,0
DA:40,0
DA:43,0
DA:45,0
DA:47,0
DA:48,0
DA:50,0
DA:51,0
DA:53,0
DA:55,0
DA:58,0
DA:67,0
DA:70,0
DA:73,0
DA:76,0
DA:79,0
DA:80,0
DA:83,0
DA:89,0
DA:90,0
DA:94,0
DA:97,0
DA:98,0
DA:99,0
DA:100,0
DA:101,0
DA:104,0
DA:106,0
DA:108,0
DA:115,0
DA:116,0
DA:118,0
DA:120,0
DA:122,0
DA:126,0
DA:127,0
DA:128,0
DA:129,0
DA:131,0
DA:133,0
DA:135,0
DA:136,0
DA:137,0
DA:139,0
DA:149,0
DA:150,0
DA:151,0
DA:152,0
DA:154,0
DA:155,0
DA:156,0
DA:157,0
DA:159,0
DA:161,0
DA:165,0
DA:167,0
DA:168,0
DA:169,0
DA:170,0
DA:172,0
DA:176,0
DA:178,0
DA:179,0
DA:180,0
DA:181,0
DA:182,0
DA:184,0
DA:186,0
DA:193,0
DA:194,0
DA:195,0
DA:196,0
DA:199,0
DA:200,0
DA:203,0
DA:204,0
DA:206,0
DA:217,0
DA:218,0
DA:219,0
DA:221,0
DA:222,0
DA:225,0
DA:226,0
DA:227,0
DA:230,0
DA:231,0
DA:239,0
DA:240,0
DA:244,0
DA:247,0
DA:248,0
DA:249,0
DA:250,0
DA:251,0
DA:252,0
DA:255,0
DA:256,0
DA:257,0
DA:263,0
DA:265,0
DA:266,0
DA:268,0
DA:269,0
DA:270,0
DA:273,0
DA:274,0
DA:279,0
DA:282,0
DA:283,0
DA:284,0
DA:286,0
DA:292,0
DA:293,0
DA:294,0
DA:295,0
DA:296,0
DA:299,0
DA:321,0
DA:322,0
DA:324,0
DA:326,0
DA:328,0
DA:332,0
DA:333,0
DA:335,0
DA:336,0
DA:337,0
DA:338,0
DA:340,0
DA:341,0
DA:344,0
DA:345,0
DA:346,0
DA:357,0
DA:358,0
DA:359,0
DA:360,0
DA:362,0
DA:374,0
DA:375,0
DA:378,0
DA:379,0
DA:380,0
DA:381,0
DA:385,0
DA:391,0
DA:393,0
DA:395,0
DA:396,0
DA:400,0
DA:401,0
DA:403,0
DA:404,0
DA:405,0
DA:406,0
DA:421,0
DA:422,0
DA:423,0
DA:424,0
DA:425,0
DA:426,0
DA:427,0
DA:428,0
DA:429,0
DA:430,0
DA:433,0
DA:436,0
DA:437,0
DA:438,0
DA:439,0
DA:441,0
DA:442,0
DA:445,0
DA:460,0
DA:461,0
DA:465,0
DA:468,0
DA:469,0
DA:470,0
DA:472,0
DA:474,0
DA:476,0
DA:493,0
DA:494,0
DA:498,0
DA:501,0
DA:502,0
DA:503,0
DA:504,0
DA:505,0
DA:509,0
DA:511,0
DA:513,0
DA:515,0
DA:516,0
DA:517,0
DA:519,0
DA:520,0
DA:521,0
DA:522,0
DA:523,0
DA:524,0
DA:528,0
DA:530,0
DA:533,0
DA:534,0
DA:535,0
DA:537,0
DA:538,0
DA:553,0
DA:554,0
DA:555,0
DA:556,0
DA:559,0
DA:567,0
DA:569,0
DA:570,0
DA:573,0
DA:574,0
DA:575,0
DA:577,0
DA:579,0
DA:580,0
DA:581,0
DA:582,0
DA:583,0
DA:585,0
DA:588,0
LF:236
LH:1
end_of_record
SF:lib/widgets/bouncy_button.dart
DA:9,1
DA:16,1
DA:17,1
DA:24,1
DA:26,1
DA:27,2
DA:31,5
DA:32,2
DA:36,1
DA:38,2
DA:39,1
DA:42,1
DA:44,1
DA:45,0
DA:46,0
DA:47,0
DA:49,0
DA:50,0
DA:51,0
DA:53,0
DA:54,1
DA:55,1
DA:56,2
LF:23
LH:16
end_of_record
